<?xml version="1.0" encoding="UTF-8"?>
<!-- Generated by org.testng.reporters.JUnitXMLReporter -->
<testsuite ignored="0" hostname="DESKTOP-MUURNCQ" failures="0" tests="3" name="Command line test" time="1.221" errors="0" timestamp="2020-08-05T23:59:59 MSK">
  <testcase classname="by.itransition.service.PersonGeneratorTest" name="bel" time="0.136"/>
  <testcase classname="by.itransition.service.PersonGeneratorTest" name="english" time="1.007"/>
  <testcase classname="by.itransition.service.PersonGeneratorTest" name="rus" time="0.048"/>
</testsuite> <!-- Command line test -->
