<?xml version="1.0" encoding="UTF-8"?>
<!-- Generated by org.testng.reporters.JUnitXMLReporter -->
<testsuite ignored="0" hostname="DESKTOP-MUURNCQ" failures="0" tests="3" name="Command line test" time="1.164" errors="0" timestamp="2020-08-05T23:37:04 MSK">
  <testcase classname="by.itransition.service.PersonGeneratorTest" name="bel" time="0.142"/>
  <testcase classname="by.itransition.service.PersonGeneratorTest" name="english" time="0.957"/>
  <testcase classname="by.itransition.service.PersonGeneratorTest" name="rus" time="0.033"/>
</testsuite> <!-- Command line test -->
